<?xml version="1.0" encoding="UTF-8"?>
<testsuite xmlns:xsi="http://www.w3.org/2001/XMLSchema-instance" xsi:noNamespaceSchemaLocation="https://maven.apache.org/surefire/maven-surefire-plugin/xsd/surefire-test-report.xsd" version="3.0.2" name="com.example.demo.WarehouseManagerApplicationTests" time="4.967" tests="1" errors="0" skipped="0" failures="0">
  <properties>
[...]
</properties>
  <testcase name="contextLoads" classname="com.example.demo.WarehouseManagerApplicationTests" time="0.332">
    <system-out><![CDATA[21:56:40.919 [main] INFO org.springframework.test.context.support.AnnotationConfigContextLoaderUtils -- Could not detect default configuration classes for test class [com.example.demo.WarehouseManagerApplicationTests]: WarehouseManagerApplicationTests does not declare any static, non-private, non-final, nested classes annotated with @Configuration.
21:56:41.035 [main] INFO org.springframework.boot.test.context.SpringBootTestContextBootstrapper -- Found @SpringBootConfiguration com.example.demo.WarehouseManagerApplication for test class com.example.demo.WarehouseManagerApplicationTests

  .   ____          _            __ _ _
 /\\ / ___'_ __ _ _(_)_ __  __ _ \ \ \ \
( ( )\___ | '_ | '_| | '_ \/ _` | \ \ \ \
 \\/  ___)| |_)| | | | | || (_| |  ) ) ) )
  '  |____| .__|_| |_|_| |_\__, | / / / /
 =========|_|==============|___/=/_/_/_/

 :: Spring Boot ::                (v3.5.3)

2025-07-21T21:56:41.655-04:00  INFO 27472 --- [WarehouseManager] [           main] c.e.d.WarehouseManagerApplicationTests   : Starting WarehouseManagerApplicationTests using Java 17.0.15 with PID 27472 (started by jeffg in C:\Users\jeffg\OneDrive\Desktop\SpringBootProjects\WarehouseManager)
2025-07-21T21:56:41.655-04:00  INFO 27472 --- [WarehouseManager] [           main] c.e.d.WarehouseManagerApplicationTests   : No active profile set, falling back to 1 default profile: "default"
2025-07-21T21:56:42.310-04:00  INFO 27472 --- [WarehouseManager] [           main] .s.d.r.c.RepositoryConfigurationDelegate : Bootstrapping Spring Data JPA repositories in DEFAULT mode.
2025-07-21T21:56:42.387-04:00  INFO 27472 --- [WarehouseManager] [           main] .s.d.r.c.RepositoryConfigurationDelegate : Finished Spring Data repository scanning in 60 ms. Found 1 JPA repository interface.
2025-07-21T21:56:42.663-04:00 DEBUG 27472 --- [WarehouseManager] [           main] com.zaxxer.hikari.HikariConfig           : Class com.mysql.cj.jdbc.Driver found in Thread context class loader jdk.internal.loader.ClassLoaders$AppClassLoader@73d16e93
2025-07-21T21:56:42.704-04:00 DEBUG 27472 --- [WarehouseManager] [           main] com.zaxxer.hikari.HikariConfig           : HikariPool-1 - configuration:
2025-07-21T21:56:42.704-04:00 DEBUG 27472 --- [WarehouseManager] [           main] com.zaxxer.hikari.HikariConfig           : allowPoolSuspension.............false
2025-07-21T21:56:42.704-04:00 DEBUG 27472 --- [WarehouseManager] [           main] com.zaxxer.hikari.HikariConfig           : autoCommit......................true
2025-07-21T21:56:42.704-04:00 DEBUG 27472 --- [WarehouseManager] [           main] com.zaxxer.hikari.HikariConfig           : catalog.........................none
2025-07-21T21:56:42.704-04:00 DEBUG 27472 --- [WarehouseManager] [           main] com.zaxxer.hikari.HikariConfig           : connectionInitSql...............none
2025-07-21T21:56:42.704-04:00 DEBUG 27472 --- [WarehouseManager] [           main] com.zaxxer.hikari.HikariConfig           : connectionTestQuery.............none
2025-07-21T21:56:42.704-04:00 DEBUG 27472 --- [WarehouseManager] [           main] com.zaxxer.hikari.HikariConfig           : connectionTimeout...............30000
2025-07-21T21:56:42.704-04:00 DEBUG 27472 --- [WarehouseManager] [           main] com.zaxxer.hikari.HikariConfig           : credentials.....................com.zaxxer.hikari.util.Credentials@4a44cfc0
2025-07-21T21:56:42.704-04:00 DEBUG 27472 --- [WarehouseManager] [           main] com.zaxxer.hikari.HikariConfig           : dataSource......................none
2025-07-21T21:56:42.704-04:00 DEBUG 27472 --- [WarehouseManager] [           main] com.zaxxer.hikari.HikariConfig           : dataSourceClassName.............none
2025-07-21T21:56:42.704-04:00 DEBUG 27472 --- [WarehouseManager] [           main] com.zaxxer.hikari.HikariConfig           : dataSourceJNDI..................none
2025-07-21T21:56:42.704-04:00 DEBUG 27472 --- [WarehouseManager] [           main] com.zaxxer.hikari.HikariConfig           : dataSourceProperties............{password=<masked>}
2025-07-21T21:56:42.704-04:00 DEBUG 27472 --- [WarehouseManager] [           main] com.zaxxer.hikari.HikariConfig           : driverClassName................."com.mysql.cj.jdbc.Driver"
2025-07-21T21:56:42.704-04:00 DEBUG 27472 --- [WarehouseManager] [           main] com.zaxxer.hikari.HikariConfig           : exceptionOverride...............none
2025-07-21T21:56:42.704-04:00 DEBUG 27472 --- [WarehouseManager] [           main] com.zaxxer.hikari.HikariConfig           : exceptionOverrideClassName......none
2025-07-21T21:56:42.704-04:00 DEBUG 27472 --- [WarehouseManager] [           main] com.zaxxer.hikari.HikariConfig           : healthCheckProperties...........{}
2025-07-21T21:56:42.704-04:00 DEBUG 27472 --- [WarehouseManager] [           main] com.zaxxer.hikari.HikariConfig           : healthCheckRegistry.............none
2025-07-21T21:56:42.704-04:00 DEBUG 27472 --- [WarehouseManager] [           main] com.zaxxer.hikari.HikariConfig           : idleTimeout.....................600000
2025-07-21T21:56:42.704-04:00 DEBUG 27472 --- [WarehouseManager] [           main] com.zaxxer.hikari.HikariConfig           : initializationFailTimeout.......1
2025-07-21T21:56:42.704-04:00 DEBUG 27472 --- [WarehouseManager] [           main] com.zaxxer.hikari.HikariConfig           : isolateInternalQueries..........false
2025-07-21T21:56:42.704-04:00 DEBUG 27472 --- [WarehouseManager] [           main] com.zaxxer.hikari.HikariConfig           : jdbcUrl.........................jdbc:mysql://localhost:3306/warehouse_manager
2025-07-21T21:56:42.704-04:00 DEBUG 27472 --- [WarehouseManager] [           main] com.zaxxer.hikari.HikariConfig           : keepaliveTime...................120000
2025-07-21T21:56:42.704-04:00 DEBUG 27472 --- [WarehouseManager] [           main] com.zaxxer.hikari.HikariConfig           : leakDetectionThreshold..........0
2025-07-21T21:56:42.704-04:00 DEBUG 27472 --- [WarehouseManager] [           main] com.zaxxer.hikari.HikariConfig           : maxLifetime.....................1800000
2025-07-21T21:56:42.704-04:00 DEBUG 27472 --- [WarehouseManager] [           main] com.zaxxer.hikari.HikariConfig           : maximumPoolSize.................10
2025-07-21T21:56:42.704-04:00 DEBUG 27472 --- [WarehouseManager] [           main] com.zaxxer.hikari.HikariConfig           : metricRegistry..................none
2025-07-21T21:56:42.704-04:00 DEBUG 27472 --- [WarehouseManager] [           main] com.zaxxer.hikari.HikariConfig           : metricsTrackerFactory...........none
2025-07-21T21:56:42.704-04:00 DEBUG 27472 --- [WarehouseManager] [           main] com.zaxxer.hikari.HikariConfig           : minimumIdle.....................10
2025-07-21T21:56:42.704-04:00 DEBUG 27472 --- [WarehouseManager] [           main] com.zaxxer.hikari.HikariConfig           : password........................<masked>
2025-07-21T21:56:42.704-04:00 DEBUG 27472 --- [WarehouseManager] [           main] com.zaxxer.hikari.HikariConfig           : poolName........................"HikariPool-1"
2025-07-21T21:56:42.704-04:00 DEBUG 27472 --- [WarehouseManager] [           main] com.zaxxer.hikari.HikariConfig           : readOnly........................false
2025-07-21T21:56:42.704-04:00 DEBUG 27472 --- [WarehouseManager] [           main] com.zaxxer.hikari.HikariConfig           : registerMbeans..................false
2025-07-21T21:56:42.704-04:00 DEBUG 27472 --- [WarehouseManager] [           main] com.zaxxer.hikari.HikariConfig           : scheduledExecutor...............none
2025-07-21T21:56:42.704-04:00 DEBUG 27472 --- [WarehouseManager] [           main] com.zaxxer.hikari.HikariConfig           : schema..........................none
2025-07-21T21:56:42.704-04:00 DEBUG 27472 --- [WarehouseManager] [           main] com.zaxxer.hikari.HikariConfig           : threadFactory...................internal
2025-07-21T21:56:42.704-04:00 DEBUG 27472 --- [WarehouseManager] [           main] com.zaxxer.hikari.HikariConfig           : transactionIsolation............default
2025-07-21T21:56:42.704-04:00 DEBUG 27472 --- [WarehouseManager] [           main] com.zaxxer.hikari.HikariConfig           : username........................"root"
2025-07-21T21:56:42.704-04:00 DEBUG 27472 --- [WarehouseManager] [           main] com.zaxxer.hikari.HikariConfig           : validationTimeout...............5000
2025-07-21T21:56:42.704-04:00  INFO 27472 --- [WarehouseManager] [           main] com.zaxxer.hikari.HikariDataSource       : HikariPool-1 - Starting...
2025-07-21T21:56:42.830-04:00 DEBUG 27472 --- [WarehouseManager] [           main] com.zaxxer.hikari.pool.PoolBase          : HikariPool-1 - Attempting to create/setup new connection (51aa77f4-9a30-4728-921e-0f8dc42e9761)
2025-07-21T21:56:43.118-04:00 DEBUG 27472 --- [WarehouseManager] [           main] com.zaxxer.hikari.pool.PoolBase          : HikariPool-1 - Established new connection (51aa77f4-9a30-4728-921e-0f8dc42e9761)
2025-07-21T21:56:43.118-04:00  INFO 27472 --- [WarehouseManager] [           main] com.zaxxer.hikari.pool.HikariPool        : HikariPool-1 - Added connection com.mysql.cj.jdbc.ConnectionImpl@6e1ae763
2025-07-21T21:56:43.118-04:00  INFO 27472 --- [WarehouseManager] [           main] com.zaxxer.hikari.HikariDataSource       : HikariPool-1 - Start completed.
2025-07-21T21:56:43.223-04:00 DEBUG 27472 --- [WarehouseManager] [l-1:housekeeper] com.zaxxer.hikari.pool.HikariPool        : HikariPool-1 - Pool stats (total=1/10, idle=1/10, active=0, waiting=0)
2025-07-21T21:56:43.223-04:00 DEBUG 27472 --- [WarehouseManager] [onnection-adder] com.zaxxer.hikari.pool.PoolBase          : HikariPool-1 - Attempting to create/setup new connection (2e8cee7d-b4bb-4069-9ad0-1a848599e2bd)
2025-07-21T21:56:43.248-04:00 DEBUG 27472 --- [WarehouseManager] [onnection-adder] com.zaxxer.hikari.pool.PoolBase          : HikariPool-1 - Established new connection (2e8cee7d-b4bb-4069-9ad0-1a848599e2bd)
2025-07-21T21:56:43.248-04:00 DEBUG 27472 --- [WarehouseManager] [onnection-adder] com.zaxxer.hikari.pool.HikariPool        : HikariPool-1 - Added connection com.mysql.cj.jdbc.ConnectionImpl@79567d9f
2025-07-21T21:56:43.285-04:00 DEBUG 27472 --- [WarehouseManager] [onnection-adder] com.zaxxer.hikari.pool.HikariPool        : HikariPool-1 - After adding stats (total=2/10, idle=2/10, active=0, waiting=0)
2025-07-21T21:56:43.285-04:00 DEBUG 27472 --- [WarehouseManager] [onnection-adder] com.zaxxer.hikari.pool.PoolBase          : HikariPool-1 - Attempting to create/setup new connection (110d1ac7-dec2-4f18-b21d-34a21451a7c8)
2025-07-21T21:56:43.301-04:00 DEBUG 27472 --- [WarehouseManager] [onnection-adder] com.zaxxer.hikari.pool.PoolBase          : HikariPool-1 - Established new connection (110d1ac7-dec2-4f18-b21d-34a21451a7c8)
2025-07-21T21:56:43.301-04:00 DEBUG 27472 --- [WarehouseManager] [onnection-adder] com.zaxxer.hikari.pool.HikariPool        : HikariPool-1 - Added connection com.mysql.cj.jdbc.ConnectionImpl@48e5a5ba
2025-07-21T21:56:43.317-04:00  INFO 27472 --- [WarehouseManager] [           main] o.hibernate.jpa.internal.util.LogHelper  : HHH000204: Processing PersistenceUnitInfo [name: default]
2025-07-21T21:56:43.332-04:00 DEBUG 27472 --- [WarehouseManager] [onnection-adder] com.zaxxer.hikari.pool.HikariPool        : HikariPool-1 - After adding stats (total=3/10, idle=3/10, active=0, waiting=0)
2025-07-21T21:56:43.334-04:00 DEBUG 27472 --- [WarehouseManager] [onnection-adder] com.zaxxer.hikari.pool.PoolBase          : HikariPool-1 - Attempting to create/setup new connection (c54731b8-eb5a-4f83-81eb-01c7e5530a10)
2025-07-21T21:56:43.351-04:00 DEBUG 27472 --- [WarehouseManager] [onnection-adder] com.zaxxer.hikari.pool.PoolBase          : HikariPool-1 - Established new connection (c54731b8-eb5a-4f83-81eb-01c7e5530a10)
2025-07-21T21:56:43.351-04:00 DEBUG 27472 --- [WarehouseManager] [onnection-adder] com.zaxxer.hikari.pool.HikariPool        : HikariPool-1 - Added connection com.mysql.cj.jdbc.ConnectionImpl@197982d0
2025-07-21T21:56:43.397-04:00 DEBUG 27472 --- [WarehouseManager] [onnection-adder] com.zaxxer.hikari.pool.HikariPool        : HikariPool-1 - After adding stats (total=4/10, idle=4/10, active=0, waiting=0)
2025-07-21T21:56:43.397-04:00 DEBUG 27472 --- [WarehouseManager] [onnection-adder] com.zaxxer.hikari.pool.PoolBase          : HikariPool-1 - Attempting to create/setup new connection (4fbe93de-9626-4cd8-ba3c-1a4c8a2b5bad)
2025-07-21T21:56:43.397-04:00  INFO 27472 --- [WarehouseManager] [           main] org.hibernate.Version                    : HHH000412: Hibernate ORM core version 6.6.18.Final
2025-07-21T21:56:43.401-04:00 DEBUG 27472 --- [WarehouseManager] [onnection-adder] com.zaxxer.hikari.pool.PoolBase          : HikariPool-1 - Established new connection (4fbe93de-9626-4cd8-ba3c-1a4c8a2b5bad)
2025-07-21T21:56:43.401-04:00 DEBUG 27472 --- [WarehouseManager] [onnection-adder] com.zaxxer.hikari.pool.HikariPool        : HikariPool-1 - Added connection com.mysql.cj.jdbc.ConnectionImpl@56a7cacb
2025-07-21T21:56:43.445-04:00 DEBUG 27472 --- [WarehouseManager] [onnection-adder] com.zaxxer.hikari.pool.HikariPool        : HikariPool-1 - After adding stats (total=5/10, idle=5/10, active=0, waiting=0)
2025-07-21T21:56:43.445-04:00 DEBUG 27472 --- [WarehouseManager] [onnection-adder] com.zaxxer.hikari.pool.PoolBase          : HikariPool-1 - Attempting to create/setup new connection (954b8d53-9fba-490e-9e97-b309b691e88b)
2025-07-21T21:56:43.449-04:00  INFO 27472 --- [WarehouseManager] [           main] o.h.c.internal.RegionFactoryInitiator    : HHH000026: Second-level cache disabled
2025-07-21T21:56:43.454-04:00 DEBUG 27472 --- [WarehouseManager] [onnection-adder] com.zaxxer.hikari.pool.PoolBase          : HikariPool-1 - Established new connection (954b8d53-9fba-490e-9e97-b309b691e88b)
2025-07-21T21:56:43.454-04:00 DEBUG 27472 --- [WarehouseManager] [onnection-adder] com.zaxxer.hikari.pool.HikariPool        : HikariPool-1 - Added connection com.mysql.cj.jdbc.ConnectionImpl@1d37ff08
2025-07-21T21:56:43.493-04:00 DEBUG 27472 --- [WarehouseManager] [onnection-adder] com.zaxxer.hikari.pool.HikariPool        : HikariPool-1 - After adding stats (total=6/10, idle=6/10, active=0, waiting=0)
2025-07-21T21:56:43.493-04:00 DEBUG 27472 --- [WarehouseManager] [onnection-adder] com.zaxxer.hikari.pool.PoolBase          : HikariPool-1 - Attempting to create/setup new connection (0f16dcaf-28f4-42a6-91f1-153afbf28b31)
2025-07-21T21:56:43.499-04:00 DEBUG 27472 --- [WarehouseManager] [onnection-adder] com.zaxxer.hikari.pool.PoolBase          : HikariPool-1 - Established new connection (0f16dcaf-28f4-42a6-91f1-153afbf28b31)
2025-07-21T21:56:43.499-04:00 DEBUG 27472 --- [WarehouseManager] [onnection-adder] com.zaxxer.hikari.pool.HikariPool        : HikariPool-1 - Added connection com.mysql.cj.jdbc.ConnectionImpl@154f4871
2025-07-21T21:56:43.540-04:00 DEBUG 27472 --- [WarehouseManager] [onnection-adder] com.zaxxer.hikari.pool.HikariPool        : HikariPool-1 - After adding stats (total=7/10, idle=7/10, active=0, waiting=0)
2025-07-21T21:56:43.540-04:00 DEBUG 27472 --- [WarehouseManager] [onnection-adder] com.zaxxer.hikari.pool.PoolBase          : HikariPool-1 - Attempting to create/setup new connection (505a3e7e-cba4-45aa-9ad7-378cfb59d4c6)
2025-07-21T21:56:43.549-04:00 DEBUG 27472 --- [WarehouseManager] [onnection-adder] com.zaxxer.hikari.pool.PoolBase          : HikariPool-1 - Established new connection (505a3e7e-cba4-45aa-9ad7-378cfb59d4c6)
2025-07-21T21:56:43.549-04:00 DEBUG 27472 --- [WarehouseManager] [onnection-adder] com.zaxxer.hikari.pool.HikariPool        : HikariPool-1 - Added connection com.mysql.cj.jdbc.ConnectionImpl@13d5ac40
2025-07-21T21:56:43.587-04:00 DEBUG 27472 --- [WarehouseManager] [onnection-adder] com.zaxxer.hikari.pool.HikariPool        : HikariPool-1 - After adding stats (total=8/10, idle=8/10, active=0, waiting=0)
2025-07-21T21:56:43.587-04:00 DEBUG 27472 --- [WarehouseManager] [onnection-adder] com.zaxxer.hikari.pool.PoolBase          : HikariPool-1 - Attempting to create/setup new connection (817ec3d5-5842-4c81-995a-62a7bfdd452f)
2025-07-21T21:56:43.605-04:00 DEBUG 27472 --- [WarehouseManager] [onnection-adder] com.zaxxer.hikari.pool.PoolBase          : HikariPool-1 - Established new connection (817ec3d5-5842-4c81-995a-62a7bfdd452f)
2025-07-21T21:56:43.605-04:00 DEBUG 27472 --- [WarehouseManager] [onnection-adder] com.zaxxer.hikari.pool.HikariPool        : HikariPool-1 - Added connection com.mysql.cj.jdbc.ConnectionImpl@3008bf40
2025-07-21T21:56:43.649-04:00 DEBUG 27472 --- [WarehouseManager] [onnection-adder] com.zaxxer.hikari.pool.HikariPool        : HikariPool-1 - After adding stats (total=9/10, idle=9/10, active=0, waiting=0)
2025-07-21T21:56:43.649-04:00 DEBUG 27472 --- [WarehouseManager] [onnection-adder] com.zaxxer.hikari.pool.PoolBase          : HikariPool-1 - Attempting to create/setup new connection (27b1ad5c-59a8-4b1f-b817-b302d02f92d8)
2025-07-21T21:56:43.664-04:00 DEBUG 27472 --- [WarehouseManager] [onnection-adder] com.zaxxer.hikari.pool.PoolBase          : HikariPool-1 - Established new connection (27b1ad5c-59a8-4b1f-b817-b302d02f92d8)
2025-07-21T21:56:43.664-04:00 DEBUG 27472 --- [WarehouseManager] [onnection-adder] com.zaxxer.hikari.pool.HikariPool        : HikariPool-1 - Added connection com.mysql.cj.jdbc.ConnectionImpl@79988ed5
2025-07-21T21:56:43.696-04:00 DEBUG 27472 --- [WarehouseManager] [onnection-adder] com.zaxxer.hikari.pool.HikariPool        : HikariPool-1 - After adding stats (total=10/10, idle=10/10, active=0, waiting=0)
2025-07-21T21:56:43.813-04:00  INFO 27472 --- [WarehouseManager] [           main] o.s.o.j.p.SpringPersistenceUnitInfo      : No LoadTimeWeaver setup: ignoring JPA class transformer
2025-07-21T21:56:43.893-04:00  WARN 27472 --- [WarehouseManager] [           main] org.hibernate.orm.deprecation            : HHH90000025: MySQL8Dialect does not need to be specified explicitly using 'hibernate.dialect' (remove the property setting and it will be selected by default)
2025-07-21T21:56:43.893-04:00  WARN 27472 --- [WarehouseManager] [           main] org.hibernate.orm.deprecation            : HHH90000026: MySQL8Dialect has been deprecated; use org.hibernate.dialect.MySQLDialect instead
2025-07-21T21:56:43.918-04:00  INFO 27472 --- [WarehouseManager] [           main] org.hibernate.orm.connections.pooling    : HHH10001005: Database info:
	Database JDBC URL [Connecting through datasource 'HikariDataSource (HikariPool-1)']
	Database driver: undefined/unknown
	Database version: 8.0
	Autocommit mode: undefined/unknown
	Isolation level: undefined/unknown
	Minimum pool size: undefined/unknown
	Maximum pool size: undefined/unknown
2025-07-21T21:56:44.569-04:00  INFO 27472 --- [WarehouseManager] [           main] o.h.e.t.j.p.i.JtaPlatformInitiator       : HHH000489: No JTA platform available (set 'hibernate.transaction.jta.platform' to enable JTA platform integration)
2025-07-21T21:56:44.577-04:00  INFO 27472 --- [WarehouseManager] [           main] j.LocalContainerEntityManagerFactoryBean : Initialized JPA EntityManagerFactory for persistence unit 'default'
2025-07-21T21:56:44.929-04:00  WARN 27472 --- [WarehouseManager] [           main] JpaBaseConfiguration$JpaWebConfiguration : spring.jpa.open-in-view is enabled by default. Therefore, database queries may be performed during view rendering. Explicitly configure spring.jpa.open-in-view to disable this warning
2025-07-21T21:56:45.402-04:00  INFO 27472 --- [WarehouseManager] [           main] c.e.d.WarehouseManagerApplicationTests   : Started WarehouseManagerApplicationTests in 4.159 seconds (process running for 5.124)
]]></system-out>
  </testcase>
</testsuite>