<?xml version="1.0" encoding="UTF-8"?>
<testsuite xmlns:xsi="http://www.w3.org/2001/XMLSchema-instance" xsi:noNamespaceSchemaLocation="https://maven.apache.org/surefire/maven-surefire-plugin/xsd/surefire-test-report.xsd" version="3.0.2" name="com.example.demo.WarehouseManagerApplicationTests" time="7.16" tests="1" errors="0" skipped="0" failures="0">
  <properties>
[...]
</properties>
  <testcase name="contextLoads" classname="com.example.demo.WarehouseManagerApplicationTests" time="0.397">
    <system-out><![CDATA[23:26:43.355 [main] INFO org.springframework.test.context.support.AnnotationConfigContextLoaderUtils -- Could not detect default configuration classes for test class [com.example.demo.WarehouseManagerApplicationTests]: WarehouseManagerApplicationTests does not declare any static, non-private, non-final, nested classes annotated with @Configuration.
23:26:43.468 [main] INFO org.springframework.boot.test.context.SpringBootTestContextBootstrapper -- Found @SpringBootConfiguration com.example.demo.WarehouseManagerApplication for test class com.example.demo.WarehouseManagerApplicationTests
23:26:43.687 [main] INFO org.springframework.boot.devtools.restart.RestartApplicationListener -- Restart disabled due to context in which it is running

  .   ____          _            __ _ _
 /\\ / ___'_ __ _ _(_)_ __  __ _ \ \ \ \
( ( )\___ | '_ | '_| | '_ \/ _` | \ \ \ \
 \\/  ___)| |_)| | | | | || (_| |  ) ) ) )
  '  |____| .__|_| |_|_| |_\__, | / / / /
 =========|_|==============|___/=/_/_/_/

 :: Spring Boot ::                (v3.5.3)

2025-08-07T23:26:43.979-04:00  INFO 31848 --- [WarehouseManager] [           main] c.e.d.WarehouseManagerApplicationTests   : Starting WarehouseManagerApplicationTests using Java 17.0.15 with PID 31848 (started by jeffg in C:\Users\jeffg\OneDrive\Desktop\SpringBootProjects\WarehouseManager)
2025-08-07T23:26:43.980-04:00  INFO 31848 --- [WarehouseManager] [           main] c.e.d.WarehouseManagerApplicationTests   : No active profile set, falling back to 1 default profile: "default"
2025-08-07T23:26:44.856-04:00  INFO 31848 --- [WarehouseManager] [           main] .s.d.r.c.RepositoryConfigurationDelegate : Bootstrapping Spring Data JPA repositories in DEFAULT mode.
2025-08-07T23:26:44.921-04:00  INFO 31848 --- [WarehouseManager] [           main] .s.d.r.c.RepositoryConfigurationDelegate : Finished Spring Data repository scanning in 50 ms. Found 2 JPA repository interfaces.
2025-08-07T23:26:45.258-04:00 DEBUG 31848 --- [WarehouseManager] [           main] com.zaxxer.hikari.HikariConfig           : Class com.mysql.cj.jdbc.Driver found in Thread context class loader jdk.internal.loader.ClassLoaders$AppClassLoader@73d16e93
2025-08-07T23:26:45.393-04:00  INFO 31848 --- [WarehouseManager] [           main] o.hibernate.jpa.internal.util.LogHelper  : HHH000204: Processing PersistenceUnitInfo [name: default]
2025-08-07T23:26:45.450-04:00  INFO 31848 --- [WarehouseManager] [           main] org.hibernate.Version                    : HHH000412: Hibernate ORM core version 6.6.18.Final
2025-08-07T23:26:45.501-04:00  INFO 31848 --- [WarehouseManager] [           main] o.h.c.internal.RegionFactoryInitiator    : HHH000026: Second-level cache disabled
2025-08-07T23:26:45.864-04:00  INFO 31848 --- [WarehouseManager] [           main] o.s.o.j.p.SpringPersistenceUnitInfo      : No LoadTimeWeaver setup: ignoring JPA class transformer
2025-08-07T23:26:45.905-04:00 DEBUG 31848 --- [WarehouseManager] [           main] com.zaxxer.hikari.HikariConfig           : HikariPool-1 - configuration:
2025-08-07T23:26:45.909-04:00 DEBUG 31848 --- [WarehouseManager] [           main] com.zaxxer.hikari.HikariConfig           : allowPoolSuspension.............false
2025-08-07T23:26:45.909-04:00 DEBUG 31848 --- [WarehouseManager] [           main] com.zaxxer.hikari.HikariConfig           : autoCommit......................true
2025-08-07T23:26:45.909-04:00 DEBUG 31848 --- [WarehouseManager] [           main] com.zaxxer.hikari.HikariConfig           : catalog.........................none
2025-08-07T23:26:45.909-04:00 DEBUG 31848 --- [WarehouseManager] [           main] com.zaxxer.hikari.HikariConfig           : connectionInitSql...............none
2025-08-07T23:26:45.910-04:00 DEBUG 31848 --- [WarehouseManager] [           main] com.zaxxer.hikari.HikariConfig           : connectionTestQuery.............none
2025-08-07T23:26:45.910-04:00 DEBUG 31848 --- [WarehouseManager] [           main] com.zaxxer.hikari.HikariConfig           : connectionTimeout...............30000
2025-08-07T23:26:45.910-04:00 DEBUG 31848 --- [WarehouseManager] [           main] com.zaxxer.hikari.HikariConfig           : credentials.....................com.zaxxer.hikari.util.Credentials@4d290757
2025-08-07T23:26:45.910-04:00 DEBUG 31848 --- [WarehouseManager] [           main] com.zaxxer.hikari.HikariConfig           : dataSource......................none
2025-08-07T23:26:45.910-04:00 DEBUG 31848 --- [WarehouseManager] [           main] com.zaxxer.hikari.HikariConfig           : dataSourceClassName.............none
2025-08-07T23:26:45.910-04:00 DEBUG 31848 --- [WarehouseManager] [           main] com.zaxxer.hikari.HikariConfig           : dataSourceJNDI..................none
2025-08-07T23:26:45.911-04:00 DEBUG 31848 --- [WarehouseManager] [           main] com.zaxxer.hikari.HikariConfig           : dataSourceProperties............{password=<masked>}
2025-08-07T23:26:45.911-04:00 DEBUG 31848 --- [WarehouseManager] [           main] com.zaxxer.hikari.HikariConfig           : driverClassName................."com.mysql.cj.jdbc.Driver"
2025-08-07T23:26:45.911-04:00 DEBUG 31848 --- [WarehouseManager] [           main] com.zaxxer.hikari.HikariConfig           : exceptionOverride...............none
2025-08-07T23:26:45.911-04:00 DEBUG 31848 --- [WarehouseManager] [           main] com.zaxxer.hikari.HikariConfig           : exceptionOverrideClassName......none
2025-08-07T23:26:45.911-04:00 DEBUG 31848 --- [WarehouseManager] [           main] com.zaxxer.hikari.HikariConfig           : healthCheckProperties...........{}
2025-08-07T23:26:45.911-04:00 DEBUG 31848 --- [WarehouseManager] [           main] com.zaxxer.hikari.HikariConfig           : healthCheckRegistry.............none
2025-08-07T23:26:45.911-04:00 DEBUG 31848 --- [WarehouseManager] [           main] com.zaxxer.hikari.HikariConfig           : idleTimeout.....................600000
2025-08-07T23:26:45.911-04:00 DEBUG 31848 --- [WarehouseManager] [           main] com.zaxxer.hikari.HikariConfig           : initializationFailTimeout.......1
2025-08-07T23:26:45.912-04:00 DEBUG 31848 --- [WarehouseManager] [           main] com.zaxxer.hikari.HikariConfig           : isolateInternalQueries..........false
2025-08-07T23:26:45.912-04:00 DEBUG 31848 --- [WarehouseManager] [           main] com.zaxxer.hikari.HikariConfig           : jdbcUrl.........................jdbc:mysql://warehouse-manager-db.ct42664mcnad.us-east-2.rds.amazonaws.com:3306/warehouse_manager
2025-08-07T23:26:45.912-04:00 DEBUG 31848 --- [WarehouseManager] [           main] com.zaxxer.hikari.HikariConfig           : keepaliveTime...................120000
2025-08-07T23:26:45.912-04:00 DEBUG 31848 --- [WarehouseManager] [           main] com.zaxxer.hikari.HikariConfig           : leakDetectionThreshold..........0
2025-08-07T23:26:45.912-04:00 DEBUG 31848 --- [WarehouseManager] [           main] com.zaxxer.hikari.HikariConfig           : maxLifetime.....................1800000
2025-08-07T23:26:45.912-04:00 DEBUG 31848 --- [WarehouseManager] [           main] com.zaxxer.hikari.HikariConfig           : maximumPoolSize.................10
2025-08-07T23:26:45.912-04:00 DEBUG 31848 --- [WarehouseManager] [           main] com.zaxxer.hikari.HikariConfig           : metricRegistry..................none
2025-08-07T23:26:45.912-04:00 DEBUG 31848 --- [WarehouseManager] [           main] com.zaxxer.hikari.HikariConfig           : metricsTrackerFactory...........none
2025-08-07T23:26:45.912-04:00 DEBUG 31848 --- [WarehouseManager] [           main] com.zaxxer.hikari.HikariConfig           : minimumIdle.....................10
2025-08-07T23:26:45.912-04:00 DEBUG 31848 --- [WarehouseManager] [           main] com.zaxxer.hikari.HikariConfig           : password........................<masked>
2025-08-07T23:26:45.912-04:00 DEBUG 31848 --- [WarehouseManager] [           main] com.zaxxer.hikari.HikariConfig           : poolName........................"HikariPool-1"
2025-08-07T23:26:45.913-04:00 DEBUG 31848 --- [WarehouseManager] [           main] com.zaxxer.hikari.HikariConfig           : readOnly........................false
2025-08-07T23:26:45.913-04:00 DEBUG 31848 --- [WarehouseManager] [           main] com.zaxxer.hikari.HikariConfig           : registerMbeans..................false
2025-08-07T23:26:45.913-04:00 DEBUG 31848 --- [WarehouseManager] [           main] com.zaxxer.hikari.HikariConfig           : scheduledExecutor...............none
2025-08-07T23:26:45.913-04:00 DEBUG 31848 --- [WarehouseManager] [           main] com.zaxxer.hikari.HikariConfig           : schema..........................none
2025-08-07T23:26:45.913-04:00 DEBUG 31848 --- [WarehouseManager] [           main] com.zaxxer.hikari.HikariConfig           : threadFactory...................internal
2025-08-07T23:26:45.914-04:00 DEBUG 31848 --- [WarehouseManager] [           main] com.zaxxer.hikari.HikariConfig           : transactionIsolation............default
2025-08-07T23:26:45.914-04:00 DEBUG 31848 --- [WarehouseManager] [           main] com.zaxxer.hikari.HikariConfig           : username........................"admin"
2025-08-07T23:26:45.914-04:00 DEBUG 31848 --- [WarehouseManager] [           main] com.zaxxer.hikari.HikariConfig           : validationTimeout...............5000
2025-08-07T23:26:45.914-04:00  INFO 31848 --- [WarehouseManager] [           main] com.zaxxer.hikari.HikariDataSource       : HikariPool-1 - Starting...
2025-08-07T23:26:45.930-04:00 DEBUG 31848 --- [WarehouseManager] [           main] com.zaxxer.hikari.pool.PoolBase          : HikariPool-1 - Attempting to create/setup new connection (afe042c8-78c6-4a64-9061-0849b253ef7c)
2025-08-07T23:26:46.723-04:00 DEBUG 31848 --- [WarehouseManager] [           main] com.zaxxer.hikari.pool.PoolBase          : HikariPool-1 - Established new connection (afe042c8-78c6-4a64-9061-0849b253ef7c)
2025-08-07T23:26:46.725-04:00  INFO 31848 --- [WarehouseManager] [           main] com.zaxxer.hikari.pool.HikariPool        : HikariPool-1 - Added connection com.mysql.cj.jdbc.ConnectionImpl@df9d400
2025-08-07T23:26:46.728-04:00  INFO 31848 --- [WarehouseManager] [           main] com.zaxxer.hikari.HikariDataSource       : HikariPool-1 - Start completed.
2025-08-07T23:26:46.839-04:00 DEBUG 31848 --- [WarehouseManager] [l-1:housekeeper] com.zaxxer.hikari.pool.HikariPool        : HikariPool-1 - Pool stats (total=1/10, idle=0/10, active=1, waiting=0)
2025-08-07T23:26:46.841-04:00 DEBUG 31848 --- [WarehouseManager] [onnection-adder] com.zaxxer.hikari.pool.PoolBase          : HikariPool-1 - Attempting to create/setup new connection (c4b1e397-f395-4808-8c66-5f33e4a2b2de)
2025-08-07T23:26:46.876-04:00  WARN 31848 --- [WarehouseManager] [           main] org.hibernate.orm.deprecation            : HHH90000025: MySQLDialect does not need to be specified explicitly using 'hibernate.dialect' (remove the property setting and it will be selected by default)
2025-08-07T23:26:46.901-04:00  INFO 31848 --- [WarehouseManager] [           main] org.hibernate.orm.connections.pooling    : HHH10001005: Database info:
	Database JDBC URL [Connecting through datasource 'HikariDataSource (HikariPool-1)']
	Database driver: undefined/unknown
	Database version: 8.0.42
	Autocommit mode: undefined/unknown
	Isolation level: undefined/unknown
	Minimum pool size: undefined/unknown
	Maximum pool size: undefined/unknown
2025-08-07T23:26:47.252-04:00 DEBUG 31848 --- [WarehouseManager] [onnection-adder] com.zaxxer.hikari.pool.PoolBase          : HikariPool-1 - Established new connection (c4b1e397-f395-4808-8c66-5f33e4a2b2de)
2025-08-07T23:26:47.252-04:00 DEBUG 31848 --- [WarehouseManager] [onnection-adder] com.zaxxer.hikari.pool.HikariPool        : HikariPool-1 - Added connection com.mysql.cj.jdbc.ConnectionImpl@38eede41
2025-08-07T23:26:47.294-04:00 DEBUG 31848 --- [WarehouseManager] [onnection-adder] com.zaxxer.hikari.pool.HikariPool        : HikariPool-1 - After adding stats (total=2/10, idle=2/10, active=0, waiting=0)
2025-08-07T23:26:47.294-04:00 DEBUG 31848 --- [WarehouseManager] [onnection-adder] com.zaxxer.hikari.pool.PoolBase          : HikariPool-1 - Attempting to create/setup new connection (f513aa6b-86e1-4477-8918-ba38525db817)
2025-08-07T23:26:47.670-04:00  INFO 31848 --- [WarehouseManager] [           main] o.h.e.t.j.p.i.JtaPlatformInitiator       : HHH000489: No JTA platform available (set 'hibernate.transaction.jta.platform' to enable JTA platform integration)
2025-08-07T23:26:47.712-04:00 DEBUG 31848 --- [WarehouseManager] [onnection-adder] com.zaxxer.hikari.pool.PoolBase          : HikariPool-1 - Established new connection (f513aa6b-86e1-4477-8918-ba38525db817)
2025-08-07T23:26:47.713-04:00 DEBUG 31848 --- [WarehouseManager] [onnection-adder] com.zaxxer.hikari.pool.HikariPool        : HikariPool-1 - Added connection com.mysql.cj.jdbc.ConnectionImpl@91ce76f
2025-08-07T23:26:47.752-04:00 DEBUG 31848 --- [WarehouseManager] [onnection-adder] com.zaxxer.hikari.pool.HikariPool        : HikariPool-1 - After adding stats (total=3/10, idle=2/10, active=1, waiting=0)
2025-08-07T23:26:47.752-04:00 DEBUG 31848 --- [WarehouseManager] [onnection-adder] com.zaxxer.hikari.pool.PoolBase          : HikariPool-1 - Attempting to create/setup new connection (4e5980e7-ad2e-4bd7-b31f-b55066d8e804)
2025-08-07T23:26:48.000-04:00  INFO 31848 --- [WarehouseManager] [           main] j.LocalContainerEntityManagerFactoryBean : Initialized JPA EntityManagerFactory for persistence unit 'default'
2025-08-07T23:26:48.169-04:00 DEBUG 31848 --- [WarehouseManager] [onnection-adder] com.zaxxer.hikari.pool.PoolBase          : HikariPool-1 - Established new connection (4e5980e7-ad2e-4bd7-b31f-b55066d8e804)
2025-08-07T23:26:48.169-04:00 DEBUG 31848 --- [WarehouseManager] [onnection-adder] com.zaxxer.hikari.pool.HikariPool        : HikariPool-1 - Added connection com.mysql.cj.jdbc.ConnectionImpl@4c77c69
2025-08-07T23:26:48.209-04:00 DEBUG 31848 --- [WarehouseManager] [onnection-adder] com.zaxxer.hikari.pool.HikariPool        : HikariPool-1 - After adding stats (total=4/10, idle=4/10, active=0, waiting=0)
2025-08-07T23:26:48.209-04:00 DEBUG 31848 --- [WarehouseManager] [onnection-adder] com.zaxxer.hikari.pool.PoolBase          : HikariPool-1 - Attempting to create/setup new connection (ec887f69-a22e-4f22-a559-58c121d22937)
2025-08-07T23:26:48.413-04:00  INFO 31848 --- [WarehouseManager] [           main] o.s.d.j.r.query.QueryEnhancerFactory     : Hibernate is in classpath; If applicable, HQL parser will be used.
2025-08-07T23:26:48.599-04:00 DEBUG 31848 --- [WarehouseManager] [onnection-adder] com.zaxxer.hikari.pool.PoolBase          : HikariPool-1 - Established new connection (ec887f69-a22e-4f22-a559-58c121d22937)
2025-08-07T23:26:48.599-04:00 DEBUG 31848 --- [WarehouseManager] [onnection-adder] com.zaxxer.hikari.pool.HikariPool        : HikariPool-1 - Added connection com.mysql.cj.jdbc.ConnectionImpl@5c8f1d76
2025-08-07T23:26:48.636-04:00 DEBUG 31848 --- [WarehouseManager] [onnection-adder] com.zaxxer.hikari.pool.HikariPool        : HikariPool-1 - After adding stats (total=5/10, idle=5/10, active=0, waiting=0)
2025-08-07T23:26:48.636-04:00 DEBUG 31848 --- [WarehouseManager] [onnection-adder] com.zaxxer.hikari.pool.PoolBase          : HikariPool-1 - Attempting to create/setup new connection (8d1bcf5c-8946-460a-8420-52149f6dd30f)
2025-08-07T23:26:49.041-04:00 DEBUG 31848 --- [WarehouseManager] [onnection-adder] com.zaxxer.hikari.pool.PoolBase          : HikariPool-1 - Established new connection (8d1bcf5c-8946-460a-8420-52149f6dd30f)
2025-08-07T23:26:49.041-04:00 DEBUG 31848 --- [WarehouseManager] [onnection-adder] com.zaxxer.hikari.pool.HikariPool        : HikariPool-1 - Added connection com.mysql.cj.jdbc.ConnectionImpl@7f484771
2025-08-07T23:26:49.078-04:00 DEBUG 31848 --- [WarehouseManager] [onnection-adder] com.zaxxer.hikari.pool.HikariPool        : HikariPool-1 - After adding stats (total=6/10, idle=6/10, active=0, waiting=0)
2025-08-07T23:26:49.078-04:00 DEBUG 31848 --- [WarehouseManager] [onnection-adder] com.zaxxer.hikari.pool.PoolBase          : HikariPool-1 - Attempting to create/setup new connection (cc1622eb-4bb5-4555-8326-e919a7846b57)
2025-08-07T23:26:49.395-04:00  WARN 31848 --- [WarehouseManager] [           main] JpaBaseConfiguration$JpaWebConfiguration : spring.jpa.open-in-view is enabled by default. Therefore, database queries may be performed during view rendering. Explicitly configure spring.jpa.open-in-view to disable this warning
2025-08-07T23:26:49.429-04:00  INFO 31848 --- [WarehouseManager] [           main] o.s.b.a.w.s.WelcomePageHandlerMapping    : Adding welcome page: class path resource [static/index.html]
2025-08-07T23:26:49.465-04:00  INFO 31848 --- [WarehouseManager] [           main] o.s.v.b.OptionalValidatorFactoryBean     : Failed to set up a Bean Validation provider: jakarta.validation.NoProviderFoundException: Unable to create a Configuration, because no Jakarta Bean Validation provider could be found. Add a provider like Hibernate Validator (RI) to your classpath.
2025-08-07T23:26:49.476-04:00 DEBUG 31848 --- [WarehouseManager] [onnection-adder] com.zaxxer.hikari.pool.PoolBase          : HikariPool-1 - Established new connection (cc1622eb-4bb5-4555-8326-e919a7846b57)
2025-08-07T23:26:49.476-04:00 DEBUG 31848 --- [WarehouseManager] [onnection-adder] com.zaxxer.hikari.pool.HikariPool        : HikariPool-1 - Added connection com.mysql.cj.jdbc.ConnectionImpl@6a0af7dd
2025-08-07T23:26:49.516-04:00 DEBUG 31848 --- [WarehouseManager] [onnection-adder] com.zaxxer.hikari.pool.HikariPool        : HikariPool-1 - After adding stats (total=7/10, idle=7/10, active=0, waiting=0)
2025-08-07T23:26:49.516-04:00 DEBUG 31848 --- [WarehouseManager] [onnection-adder] com.zaxxer.hikari.pool.PoolBase          : HikariPool-1 - Attempting to create/setup new connection (6c8bb871-d59d-40db-996e-f371713df382)
2025-08-07T23:26:49.913-04:00 DEBUG 31848 --- [WarehouseManager] [onnection-adder] com.zaxxer.hikari.pool.PoolBase          : HikariPool-1 - Established new connection (6c8bb871-d59d-40db-996e-f371713df382)
2025-08-07T23:26:49.913-04:00 DEBUG 31848 --- [WarehouseManager] [onnection-adder] com.zaxxer.hikari.pool.HikariPool        : HikariPool-1 - Added connection com.mysql.cj.jdbc.ConnectionImpl@db415f4
2025-08-07T23:26:49.955-04:00 DEBUG 31848 --- [WarehouseManager] [onnection-adder] com.zaxxer.hikari.pool.HikariPool        : HikariPool-1 - After adding stats (total=8/10, idle=8/10, active=0, waiting=0)
2025-08-07T23:26:49.955-04:00 DEBUG 31848 --- [WarehouseManager] [onnection-adder] com.zaxxer.hikari.pool.PoolBase          : HikariPool-1 - Attempting to create/setup new connection (68c1f3ea-301a-47af-8ead-3f0e9d97bd28)
2025-08-07T23:26:49.981-04:00  INFO 31848 --- [WarehouseManager] [           main] c.e.d.WarehouseManagerApplicationTests   : Started WarehouseManagerApplicationTests in 6.309 seconds (process running for 7.188)
2025-08-07T23:26:50.348-04:00 DEBUG 31848 --- [WarehouseManager] [onnection-adder] com.zaxxer.hikari.pool.PoolBase          : HikariPool-1 - Established new connection (68c1f3ea-301a-47af-8ead-3f0e9d97bd28)
2025-08-07T23:26:50.348-04:00 DEBUG 31848 --- [WarehouseManager] [onnection-adder] com.zaxxer.hikari.pool.HikariPool        : HikariPool-1 - Added connection com.mysql.cj.jdbc.ConnectionImpl@2fd606cb
2025-08-07T23:26:50.381-04:00 DEBUG 31848 --- [WarehouseManager] [onnection-adder] com.zaxxer.hikari.pool.HikariPool        : HikariPool-1 - After adding stats (total=9/10, idle=9/10, active=0, waiting=0)
2025-08-07T23:26:50.381-04:00 DEBUG 31848 --- [WarehouseManager] [onnection-adder] com.zaxxer.hikari.pool.PoolBase          : HikariPool-1 - Attempting to create/setup new connection (a64ce604-1691-4853-ac77-4a599e541766)
]]></system-out>
  </testcase>
</testsuite>